<?xml version="1.0" encoding="UTF-8"?>
<testsuite xmlns:xsi="http://www.w3.org/2001/XMLSchema-instance" xsi:noNamespaceSchemaLocation="https://maven.apache.org/surefire/maven-surefire-plugin/xsd/surefire-test-report.xsd" version="3.0.2" name="sneak_shop.SneakShopApplicationTests" time="18.751" tests="1" errors="0" skipped="0" failures="0" flakes="0">
  <properties>
[...]
</properties>
  <testcase name="contextLoads" classname="sneak_shop.SneakShopApplicationTests" time="0.281">
    <system-out><![CDATA[01:57:59.508 [main] INFO org.springframework.test.context.support.AnnotationConfigContextLoaderUtils -- Could not detect default configuration classes for test class [sneak_shop.SneakShopApplicationTests]: SneakShopApplicationTests does not declare any static, non-private, non-final, nested classes annotated with @Configuration.
01:57:59.670 [main] INFO org.springframework.boot.test.context.SpringBootTestContextBootstrapper -- Found @SpringBootConfiguration sneak_shop.SneakShopApplication for test class sneak_shop.SneakShopApplicationTests

  .   ____          _            __ _ _
 /\\ / ___'_ __ _ _(_)_ __  __ _ \ \ \ \
( ( )\___ | '_ | '_| | '_ \/ _` | \ \ \ \
 \\/  ___)| |_)| | | | | || (_| |  ) ) ) )
  '  |____| .__|_| |_|_| |_\__, | / / / /
 =========|_|==============|___/=/_/_/_/

 :: Spring Boot ::               (v3.5.14)

2026-06-08T01:57:59.994+07:00  INFO 78857 --- [sneak_shop] [           main] sneak_shop.SneakShopApplicationTests     : Starting SneakShopApplicationTests using Java 17.0.19 with PID 78857 (started by anh in /Users/anh/Desktop/sneak_shop/be)
2026-06-08T01:57:59.995+07:00  INFO 78857 --- [sneak_shop] [           main] sneak_shop.SneakShopApplicationTests     : The following 1 profile is active: "test"
2026-06-08T01:58:00.710+07:00  INFO 78857 --- [sneak_shop] [           main] .s.d.r.c.RepositoryConfigurationDelegate : Bootstrapping Spring Data JPA repositories in DEFAULT mode.
2026-06-08T01:58:00.792+07:00  INFO 78857 --- [sneak_shop] [           main] .s.d.r.c.RepositoryConfigurationDelegate : Finished Spring Data repository scanning in 76 ms. Found 23 JPA repository interfaces.
2026-06-08T01:58:01.085+07:00  INFO 78857 --- [sneak_shop] [           main] org.testcontainers.images.PullPolicy     : Image pull policy will be performed by: DefaultPullPolicy()
2026-06-08T01:58:01.086+07:00  INFO 78857 --- [sneak_shop] [           main] o.t.utility.ImageNameSubstitutor         : Image name substitution will be performed by: DefaultImageNameSubstitutor (composite of 'ConfigurationFileImageNameSubstitutor' and 'PrefixingImageNameSubstitutor')
2026-06-08T01:58:01.101+07:00  INFO 78857 --- [sneak_shop] [           main] org.testcontainers.DockerClientFactory   : Testcontainers version: 1.21.4
2026-06-08T01:58:01.282+07:00  INFO 78857 --- [sneak_shop] [           main] o.t.d.DockerClientProviderStrategy       : Loaded org.testcontainers.dockerclient.UnixSocketClientProviderStrategy from ~/.testcontainers.properties, will try it first
2026-06-08T01:58:01.478+07:00  INFO 78857 --- [sneak_shop] [           main] o.t.d.DockerClientProviderStrategy       : Found Docker environment with local Unix socket (unix:///var/run/docker.sock)
2026-06-08T01:58:01.479+07:00  INFO 78857 --- [sneak_shop] [           main] org.testcontainers.DockerClientFactory   : Docker host IP address is localhost
2026-06-08T01:58:01.510+07:00  INFO 78857 --- [sneak_shop] [           main] org.testcontainers.DockerClientFactory   : Connected to docker: 
  Server Version: 29.4.3
  API Version: 1.54
  Operating System: Docker Desktop
  Total Memory: 7936 MB
  Labels: 
    com.docker.desktop.address=unix:///Users/anh/Library/Containers/com.docker.docker/Data/docker-cli.sock
2026-06-08T01:58:01.586+07:00  INFO 78857 --- [sneak_shop] [           main] tc.testcontainers/ryuk:0.12.0            : Creating container for image: testcontainers/ryuk:0.12.0
2026-06-08T01:58:01.845+07:00  INFO 78857 --- [sneak_shop] [           main] tc.testcontainers/ryuk:0.12.0            : Container testcontainers/ryuk:0.12.0 is starting: e90aaad7505d8080fad23ed47cc476979a233b4877a8b2afba4c235d7a5188b0
2026-06-08T01:58:02.099+07:00  INFO 78857 --- [sneak_shop] [           main] tc.testcontainers/ryuk:0.12.0            : Container testcontainers/ryuk:0.12.0 started in PT0.512883S
2026-06-08T01:58:02.106+07:00  INFO 78857 --- [sneak_shop] [           main] o.t.utility.RyukResourceReaper           : Ryuk started - will monitor and terminate Testcontainers containers on JVM exit
2026-06-08T01:58:02.106+07:00  INFO 78857 --- [sneak_shop] [           main] org.testcontainers.DockerClientFactory   : Checking the system...
2026-06-08T01:58:02.106+07:00  INFO 78857 --- [sneak_shop] [           main] org.testcontainers.DockerClientFactory   : ✔︎ Docker server version should be at least 1.6.0
2026-06-08T01:58:02.109+07:00  INFO 78857 --- [sneak_shop] [           main] tc.mysql:8.0                             : Creating container for image: mysql:8.0
2026-06-08T01:58:02.209+07:00  INFO 78857 --- [sneak_shop] [           main] tc.mysql:8.0                             : Container mysql:8.0 is starting: 4c038672346fbe6452294ffa17ac17844711d67c542d3c48c25e979de760c35e
2026-06-08T01:58:02.387+07:00  INFO 78857 --- [sneak_shop] [           main] tc.mysql:8.0                             : Waiting for database connection to become available at jdbc:mysql://localhost:54171/sneak_shop_test using query 'SELECT 1'
2026-06-08T01:58:11.228+07:00  INFO 78857 --- [sneak_shop] [           main] tc.mysql:8.0                             : Container mysql:8.0 started in PT9.118795S
2026-06-08T01:58:11.228+07:00  INFO 78857 --- [sneak_shop] [           main] tc.mysql:8.0                             : Container is started (JDBC URL: jdbc:mysql://localhost:54171/sneak_shop_test)
2026-06-08T01:58:11.364+07:00  INFO 78857 --- [sneak_shop] [           main] o.hibernate.jpa.internal.util.LogHelper  : HHH000204: Processing PersistenceUnitInfo [name: default]
2026-06-08T01:58:11.395+07:00  INFO 78857 --- [sneak_shop] [           main] org.hibernate.Version                    : HHH000412: Hibernate ORM core version 6.6.49.Final
2026-06-08T01:58:11.415+07:00  INFO 78857 --- [sneak_shop] [           main] o.h.c.internal.RegionFactoryInitiator    : HHH000026: Second-level cache disabled
2026-06-08T01:58:11.559+07:00  INFO 78857 --- [sneak_shop] [           main] o.s.o.j.p.SpringPersistenceUnitInfo      : No LoadTimeWeaver setup: ignoring JPA class transformer
2026-06-08T01:58:11.576+07:00  INFO 78857 --- [sneak_shop] [           main] com.zaxxer.hikari.HikariDataSource       : HikariPool-1 - Starting...
2026-06-08T01:58:11.689+07:00  INFO 78857 --- [sneak_shop] [           main] com.zaxxer.hikari.pool.HikariPool        : HikariPool-1 - Added connection com.mysql.cj.jdbc.ConnectionImpl@1f847d9e
2026-06-08T01:58:11.690+07:00  INFO 78857 --- [sneak_shop] [           main] com.zaxxer.hikari.HikariDataSource       : HikariPool-1 - Start completed.
2026-06-08T01:58:11.717+07:00  WARN 78857 --- [sneak_shop] [           main] org.hibernate.orm.deprecation            : HHH90000025: MySQLDialect does not need to be specified explicitly using 'hibernate.dialect' (remove the property setting and it will be selected by default)
2026-06-08T01:58:11.726+07:00  INFO 78857 --- [sneak_shop] [           main] org.hibernate.orm.connections.pooling    : HHH10001005: Database info:
	Database JDBC URL [Connecting through datasource 'HikariDataSource (HikariPool-1)']
	Database driver: undefined/unknown
	Database version: 8.0.46
	Autocommit mode: undefined/unknown
	Isolation level: undefined/unknown
	Minimum pool size: undefined/unknown
	Maximum pool size: undefined/unknown
2026-06-08T01:58:12.411+07:00  INFO 78857 --- [sneak_shop] [           main] o.h.e.t.j.p.i.JtaPlatformInitiator       : HHH000489: No JTA platform available (set 'hibernate.transaction.jta.platform' to enable JTA platform integration)
2026-06-08T01:58:14.880+07:00  INFO 78857 --- [sneak_shop] [           main] j.LocalContainerEntityManagerFactoryBean : Initialized JPA EntityManagerFactory for persistence unit 'default'
2026-06-08T01:58:15.125+07:00  INFO 78857 --- [sneak_shop] [           main] o.s.d.j.r.query.QueryEnhancerFactory     : Hibernate is in classpath; If applicable, HQL parser will be used.
2026-06-08T01:58:17.097+07:00  WARN 78857 --- [sneak_shop] [           main] .s.s.UserDetailsServiceAutoConfiguration : 

Using generated security password: b99fda22-dcbc-42c1-a955-63b8e4e1aea9

This generated password is for development use only. Your security configuration must be updated before running your application in production.

2026-06-08T01:58:17.102+07:00  INFO 78857 --- [sneak_shop] [           main] r$InitializeUserDetailsManagerConfigurer : Global AuthenticationManager configured with UserDetailsService bean with name inMemoryUserDetailsManager
2026-06-08T01:58:17.420+07:00  INFO 78857 --- [sneak_shop] [           main] sneak_shop.SneakShopApplicationTests     : Started SneakShopApplicationTests in 17.653 seconds (process running for 18.388)
]]></system-out>
  </testcase>
</testsuite>